<?xml version="1.0" encoding="UTF-8"?>
<coverage generated="1405954178">
  <project timestamp="1405954178">
    <package name="Gufy\GoogleCharts\Chart">
      <file name="/home/gufron/public_html/admin-package/workbench/gufy/google-charts/src/Gufy/GoogleCharts/Chart/BaseChart.php">
        <class name="BaseChart" namespace="Gufy\GoogleCharts\Chart">
          <metrics methods="15" coveredmethods="12" conditionals="0" coveredconditionals="0" statements="39" coveredstatements="35" elements="54" coveredelements="47"/>
        </class>
        <line num="13" type="method" name="__construct" crap="1" count="1"/>
        <line num="15" type="stmt" count="1"/>
        <line num="16" type="stmt" count="1"/>
        <line num="18" type="method" name="setId" crap="1" count="1"/>
        <line num="20" type="stmt" count="1"/>
        <line num="23" type="method" name="getId" crap="1" count="1"/>
        <line num="25" type="stmt" count="1"/>
        <line num="28" type="method" name="render" crap="1" count="1"/>
        <line num="30" type="stmt" count="1"/>
        <line num="31" type="stmt" count="1"/>
        <line num="32" type="stmt" count="1"/>
        <line num="33" type="stmt" count="1"/>
        <line num="34" type="stmt" count="1"/>
        <line num="35" type="stmt" count="1"/>
        <line num="36" type="stmt" count="1"/>
        <line num="37" type="stmt" count="1"/>
        <line num="38" type="stmt" count="1"/>
        <line num="39" type="stmt" count="1"/>
        <line num="41" type="stmt" count="1"/>
        <line num="44" type="method" name="setWidth" crap="2" count="1"/>
        <line num="46" type="stmt" count="1"/>
        <line num="47" type="stmt" count="1"/>
        <line num="48" type="stmt" count="1"/>
        <line num="49" type="stmt" count="1"/>
        <line num="52" type="method" name="setHeight" crap="2" count="1"/>
        <line num="54" type="stmt" count="1"/>
        <line num="55" type="stmt" count="1"/>
        <line num="56" type="stmt" count="1"/>
        <line num="57" type="stmt" count="1"/>
        <line num="60" type="method" name="setData" crap="1" count="1"/>
        <line num="62" type="stmt" count="1"/>
        <line num="63" type="stmt" count="1"/>
        <line num="66" type="method" name="setOptions" crap="2.06" count="1"/>
        <line num="68" type="stmt" count="1"/>
        <line num="69" type="stmt" count="1"/>
        <line num="71" type="stmt" count="0"/>
        <line num="72" type="stmt" count="1"/>
        <line num="75" type="method" name="getOptions" crap="1" count="1"/>
        <line num="77" type="stmt" count="1"/>
        <line num="80" type="method" name="getWidth" crap="1" count="1"/>
        <line num="82" type="stmt" count="1"/>
        <line num="85" type="method" name="getHeight" crap="1" count="1"/>
        <line num="87" type="stmt" count="1"/>
        <line num="91" type="method" name="processData" crap="2" count="1"/>
        <line num="93" type="stmt" count="1"/>
        <line num="94" type="stmt" count="1"/>
        <line num="96" type="stmt" count="1"/>
        <line num="99" type="method" name="getPackage" crap="2" count="0"/>
        <line num="101" type="stmt" count="0"/>
        <line num="104" type="method" name="setColumns" crap="2" count="0"/>
        <line num="106" type="stmt" count="0"/>
        <line num="107" type="stmt" count="0"/>
        <line num="109" type="method" name="getColumns" crap="1" count="1"/>
        <line num="111" type="stmt" count="1"/>
        <metrics loc="112" ncloc="112" classes="1" methods="15" coveredmethods="12" conditionals="0" coveredconditionals="0" statements="39" coveredstatements="35" elements="54" coveredelements="47"/>
      </file>
      <file name="/home/gufron/public_html/admin-package/workbench/gufy/google-charts/src/Gufy/GoogleCharts/Chart/Line.php">
        <class name="Line" namespace="Gufy\GoogleCharts\Chart">
          <metrics methods="1" coveredmethods="1" conditionals="0" coveredconditionals="0" statements="1" coveredstatements="1" elements="2" coveredelements="2"/>
        </class>
        <line num="6" type="method" name="getPackage" crap="1" count="1"/>
        <line num="8" type="stmt" count="1"/>
        <metrics loc="9" ncloc="9" classes="1" methods="1" coveredmethods="1" conditionals="0" coveredconditionals="0" statements="1" coveredstatements="1" elements="2" coveredelements="2"/>
      </file>
    </package>
    <package name="Gufy\GoogleCharts">
      <file name="/home/gufron/public_html/admin-package/workbench/gufy/google-charts/src/Gufy/GoogleCharts/GoogleChartsServiceProvider.php">
        <class name="GoogleChartsServiceProvider" namespace="Gufy\GoogleCharts">
          <metrics methods="4" coveredmethods="2" conditionals="0" coveredconditionals="0" statements="14" coveredstatements="12" elements="18" coveredelements="14"/>
        </class>
        <line num="19" type="method" name="boot" crap="1" count="1"/>
        <line num="21" type="stmt" count="1"/>
        <line num="22" type="stmt" count="1"/>
        <line num="29" type="method" name="register" crap="2.01" count="1"/>
        <line num="33" type="stmt" count="1"/>
        <line num="34" type="stmt" count="1"/>
        <line num="35" type="stmt" count="1"/>
        <line num="36" type="stmt" count="1"/>
        <line num="37" type="stmt" count="1"/>
        <line num="38" type="stmt" count="1"/>
        <line num="41" type="stmt" count="0"/>
        <line num="43" type="stmt" count="1"/>
        <line num="44" type="method" name="anonymous function" crap="1" count="1"/>
        <line num="46" type="stmt" count="1"/>
        <line num="47" type="stmt" count="1"/>
        <line num="48" type="stmt" count="1"/>
        <line num="49" type="stmt" count="1"/>
        <line num="50" type="stmt" count="1"/>
        <line num="57" type="method" name="provides" crap="2" count="0"/>
        <line num="59" type="stmt" count="0"/>
        <metrics loc="62" ncloc="40" classes="1" methods="4" coveredmethods="2" conditionals="0" coveredconditionals="0" statements="16" coveredstatements="14" elements="20" coveredelements="16"/>
      </file>
    </package>
    <package name="Whoops\Handler">
      <file name="/home/gufron/public_html/admin-package/workbench/gufy/google-charts/vendor/filp/whoops/src/Whoops/Handler/Handler.php">
        <class name="Handler" namespace="Whoops\Handler">
          <metrics methods="6" coveredmethods="0" conditionals="0" coveredconditionals="0" statements="9" coveredstatements="0" elements="15" coveredelements="0"/>
        </class>
        <line num="45" type="method" name="setRun" crap="2" count="0"/>
        <line num="47" type="stmt" count="0"/>
        <line num="48" type="stmt" count="0"/>
        <line num="53" type="method" name="getRun" crap="2" count="0"/>
        <line num="55" type="stmt" count="0"/>
        <line num="61" type="method" name="setInspector" crap="2" count="0"/>
        <line num="63" type="stmt" count="0"/>
        <line num="64" type="stmt" count="0"/>
        <line num="69" type="method" name="getInspector" crap="2" count="0"/>
        <line num="71" type="stmt" count="0"/>
        <line num="77" type="method" name="setException" crap="2" count="0"/>
        <line num="79" type="stmt" count="0"/>
        <line num="80" type="stmt" count="0"/>
        <line num="85" type="method" name="getException" crap="2" count="0"/>
        <line num="87" type="stmt" count="0"/>
        <metrics loc="89" ncloc="47" classes="1" methods="6" coveredmethods="0" conditionals="0" coveredconditionals="0" statements="9" coveredstatements="0" elements="15" coveredelements="0"/>
      </file>
      <file name="/home/gufron/public_html/admin-package/workbench/gufy/google-charts/vendor/filp/whoops/src/Whoops/Handler/JsonResponseHandler.php">
        <class name="JsonResponseHandler" namespace="Whoops\Handler">
          <metrics methods="4" coveredmethods="0" conditionals="0" coveredconditionals="0" statements="23" coveredstatements="0" elements="27" coveredelements="0"/>
        </class>
        <line num="32" type="method" name="addTraceToOutput" crap="6" count="0"/>
        <line num="34" type="stmt" count="0"/>
        <line num="35" type="stmt" count="0"/>
        <line num="38" type="stmt" count="0"/>
        <line num="39" type="stmt" count="0"/>
        <line num="46" type="method" name="onlyForAjaxRequests" crap="6" count="0"/>
        <line num="48" type="stmt" count="0"/>
        <line num="49" type="stmt" count="0"/>
        <line num="52" type="stmt" count="0"/>
        <line num="53" type="stmt" count="0"/>
        <line num="60" type="method" name="isAjaxRequest" crap="6" count="0"/>
        <line num="63" type="stmt" count="0"/>
        <line num="64" type="stmt" count="0"/>
        <line num="65" type="stmt" count="0"/>
        <line num="71" type="method" name="handle" crap="20" count="0"/>
        <line num="73" type="stmt" count="0"/>
        <line num="74" type="stmt" count="0"/>
        <line num="78" type="stmt" count="0"/>
        <line num="79" type="stmt" count="0"/>
        <line num="80" type="stmt" count="0"/>
        <line num="81" type="stmt" count="0"/>
        <line num="82" type="stmt" count="0"/>
        <line num="84" type="stmt" count="0"/>
        <line num="85" type="stmt" count="0"/>
        <line num="86" type="stmt" count="0"/>
        <line num="88" type="stmt" count="0"/>
        <line num="89" type="stmt" count="0"/>
        <metrics loc="91" ncloc="60" classes="1" methods="4" coveredmethods="0" conditionals="0" coveredconditionals="0" statements="23" coveredstatements="0" elements="27" coveredelements="0"/>
      </file>
    </package>
    <package name="Whoops">
      <file name="/home/gufron/public_html/admin-package/workbench/gufy/google-charts/vendor/filp/whoops/src/Whoops/Run.php">
        <class name="Run" namespace="Whoops">
          <metrics methods="17" coveredmethods="0" conditionals="0" coveredconditionals="0" statements="121" coveredstatements="8" elements="138" coveredelements="8"/>
        </class>
        <line num="41" type="method" name="pushHandler" crap="4.94" count="1"/>
        <line num="43" type="stmt" count="1"/>
        <line num="44" type="stmt" count="0"/>
        <line num="45" type="stmt" count="0"/>
        <line num="47" type="stmt" count="1"/>
        <line num="48" type="stmt" count="0"/>
        <line num="49" type="stmt" count="0"/>
        <line num="50" type="stmt" count="0"/>
        <line num="51" type="stmt" count="0"/>
        <line num="54" type="stmt" count="1"/>
        <line num="55" type="stmt" count="1"/>
        <line num="63" type="method" name="popHandler" crap="2" count="0"/>
        <line num="65" type="stmt" count="0"/>
        <line num="73" type="method" name="getHandlers" crap="2" count="0"/>
        <line num="75" type="stmt" count="0"/>
        <line num="83" type="method" name="clearHandlers" crap="2" count="0"/>
        <line num="85" type="stmt" count="0"/>
        <line num="86" type="stmt" count="0"/>
        <line num="93" type="method" name="getInspector" crap="2" count="0"/>
        <line num="95" type="stmt" count="0"/>
        <line num="102" type="method" name="register" crap="6" count="0"/>
        <line num="104" type="stmt" count="0"/>
        <line num="107" type="stmt" count="0"/>
        <line num="108" type="stmt" count="0"/>
        <line num="109" type="stmt" count="0"/>
        <line num="110" type="stmt" count="0"/>
        <line num="112" type="stmt" count="0"/>
        <line num="113" type="stmt" count="0"/>
        <line num="114" type="stmt" count="0"/>
        <line num="116" type="stmt" count="0"/>
        <line num="117" type="stmt" count="0"/>
        <line num="119" type="stmt" count="0"/>
        <line num="126" type="method" name="unregister" crap="6" count="0"/>
        <line num="128" type="stmt" count="0"/>
        <line num="129" type="stmt" count="0"/>
        <line num="130" type="stmt" count="0"/>
        <line num="132" type="stmt" count="0"/>
        <line num="133" type="stmt" count="0"/>
        <line num="135" type="stmt" count="0"/>
        <line num="143" type="method" name="allowQuit" crap="2.15" count="1"/>
        <line num="145" type="stmt" count="1"/>
        <line num="146" type="stmt" count="0"/>
        <line num="149" type="stmt" count="1"/>
        <line num="158" type="method" name="silenceErrorsInPaths" crap="2" count="0"/>
        <line num="160" type="stmt" count="0"/>
        <line num="161" type="stmt" count="0"/>
        <line num="162" type="stmt" count="0"/>
        <line num="163" type="method" name="anonymous function" crap="2" count="0"/>
        <line num="165" type="stmt" count="0"/>
        <line num="166" type="stmt" count="0"/>
        <line num="167" type="stmt" count="0"/>
        <line num="168" type="stmt" count="0"/>
        <line num="170" type="stmt" count="0"/>
        <line num="171" type="stmt" count="0"/>
        <line num="172" type="stmt" count="0"/>
        <line num="183" type="method" name="sendHttpCode" crap="42" count="0"/>
        <line num="185" type="stmt" count="0"/>
        <line num="186" type="stmt" count="0"/>
        <line num="189" type="stmt" count="0"/>
        <line num="190" type="stmt" count="0"/>
        <line num="193" type="stmt" count="0"/>
        <line num="194" type="stmt" count="0"/>
        <line num="195" type="stmt" count="0"/>
        <line num="197" type="stmt" count="0"/>
        <line num="198" type="stmt" count="0"/>
        <line num="199" type="stmt" count="0"/>
        <line num="200" type="stmt" count="0"/>
        <line num="203" type="stmt" count="0"/>
        <line num="212" type="method" name="writeToOutput" crap="2.15" count="1"/>
        <line num="214" type="stmt" count="1"/>
        <line num="215" type="stmt" count="0"/>
        <line num="218" type="stmt" count="1"/>
        <line num="228" type="method" name="handleException" crap="72" count="0"/>
        <line num="232" type="stmt" count="0"/>
        <line num="237" type="stmt" count="0"/>
        <line num="240" type="stmt" count="0"/>
        <line num="242" type="stmt" count="0"/>
        <line num="243" type="stmt" count="0"/>
        <line num="244" type="stmt" count="0"/>
        <line num="245" type="stmt" count="0"/>
        <line num="247" type="stmt" count="0"/>
        <line num="249" type="stmt" count="0"/>
        <line num="254" type="stmt" count="0"/>
        <line num="256" type="stmt" count="0"/>
        <line num="258" type="stmt" count="0"/>
        <line num="260" type="stmt" count="0"/>
        <line num="266" type="stmt" count="0"/>
        <line num="270" type="stmt" count="0"/>
        <line num="271" type="stmt" count="0"/>
        <line num="272" type="stmt" count="0"/>
        <line num="274" type="stmt" count="0"/>
        <line num="275" type="stmt" count="0"/>
        <line num="277" type="stmt" count="0"/>
        <line num="278" type="stmt" count="0"/>
        <line num="281" type="stmt" count="0"/>
        <line num="297" type="method" name="handleError" crap="42" count="0"/>
        <line num="299" type="stmt" count="0"/>
        <line num="300" type="stmt" count="0"/>
        <line num="301" type="stmt" count="0"/>
        <line num="302" type="stmt" count="0"/>
        <line num="303" type="stmt" count="0"/>
        <line num="305" type="stmt" count="0"/>
        <line num="307" type="stmt" count="0"/>
        <line num="309" type="stmt" count="0"/>
        <line num="310" type="stmt" count="0"/>
        <line num="311" type="stmt" count="0"/>
        <line num="313" type="stmt" count="0"/>
        <line num="315" type="stmt" count="0"/>
        <line num="316" type="stmt" count="0"/>
        <line num="321" type="method" name="handleShutdown" crap="12" count="0"/>
        <line num="326" type="stmt" count="0"/>
        <line num="328" type="stmt" count="0"/>
        <line num="329" type="stmt" count="0"/>
        <line num="332" type="stmt" count="0"/>
        <line num="333" type="stmt" count="0"/>
        <line num="334" type="stmt" count="0"/>
        <line num="335" type="stmt" count="0"/>
        <line num="336" type="stmt" count="0"/>
        <line num="337" type="stmt" count="0"/>
        <line num="338" type="stmt" count="0"/>
        <line num="339" type="stmt" count="0"/>
        <line num="352" type="method" name="writeToOutputNow" crap="20" count="0"/>
        <line num="354" type="stmt" count="0"/>
        <line num="355" type="stmt" count="0"/>
        <line num="357" type="stmt" count="0"/>
        <line num="358" type="stmt" count="0"/>
        <line num="359" type="stmt" count="0"/>
        <line num="369" type="stmt" count="0"/>
        <line num="371" type="stmt" count="0"/>
        <line num="373" type="stmt" count="0"/>
        <line num="375" type="stmt" count="0"/>
        <line num="378" type="method" name="isLevelFatal" crap="2" count="0"/>
        <line num="380" type="stmt" count="0"/>
        <line num="381" type="stmt" count="0"/>
        <line num="383" type="stmt" count="0"/>
        <line num="384" type="stmt" count="0"/>
        <line num="385" type="stmt" count="0"/>
        <line num="386" type="stmt" count="0"/>
        <line num="387" type="stmt" count="0"/>
        <line num="389" type="stmt" count="0"/>
        <line num="390" type="stmt" count="0"/>
        <metrics loc="392" ncloc="228" classes="1" methods="17" coveredmethods="0" conditionals="0" coveredconditionals="0" statements="124" coveredstatements="8" elements="141" coveredelements="8"/>
      </file>
    </package>
    <file name="/home/gufron/public_html/admin-package/workbench/gufy/google-charts/vendor/ircmaxell/password-compat/lib/password.php">
      <line num="25" type="stmt" count="0"/>
      <line num="26" type="stmt" count="0"/>
      <line num="27" type="stmt" count="0"/>
      <line num="29" type="stmt" count="0"/>
      <line num="30" type="stmt" count="0"/>
      <line num="31" type="stmt" count="0"/>
      <line num="33" type="stmt" count="0"/>
      <line num="34" type="stmt" count="0"/>
      <line num="35" type="stmt" count="0"/>
      <line num="38" type="stmt" count="0"/>
      <line num="40" type="stmt" count="0"/>
      <line num="41" type="stmt" count="0"/>
      <line num="42" type="stmt" count="0"/>
      <line num="43" type="stmt" count="0"/>
      <line num="44" type="stmt" count="0"/>
      <line num="45" type="stmt" count="0"/>
      <line num="47" type="stmt" count="0"/>
      <line num="49" type="stmt" count="0"/>
      <line num="51" type="stmt" count="0"/>
      <line num="52" type="stmt" count="0"/>
      <line num="53" type="stmt" count="0"/>
      <line num="54" type="stmt" count="0"/>
      <line num="55" type="stmt" count="0"/>
      <line num="56" type="stmt" count="0"/>
      <line num="57" type="stmt" count="0"/>
      <line num="58" type="stmt" count="0"/>
      <line num="59" type="stmt" count="0"/>
      <line num="60" type="stmt" count="0"/>
      <line num="61" type="stmt" count="0"/>
      <line num="62" type="stmt" count="0"/>
      <line num="63" type="stmt" count="0"/>
      <line num="64" type="stmt" count="0"/>
      <line num="65" type="stmt" count="0"/>
      <line num="66" type="stmt" count="0"/>
      <line num="67" type="stmt" count="0"/>
      <line num="68" type="stmt" count="0"/>
      <line num="69" type="stmt" count="0"/>
      <line num="70" type="stmt" count="0"/>
      <line num="72" type="stmt" count="0"/>
      <line num="73" type="stmt" count="0"/>
      <line num="74" type="stmt" count="0"/>
      <line num="75" type="stmt" count="0"/>
      <line num="76" type="stmt" count="0"/>
      <line num="77" type="stmt" count="0"/>
      <line num="78" type="stmt" count="0"/>
      <line num="79" type="stmt" count="0"/>
      <line num="80" type="stmt" count="0"/>
      <line num="81" type="stmt" count="0"/>
      <line num="82" type="stmt" count="0"/>
      <line num="83" type="stmt" count="0"/>
      <line num="84" type="stmt" count="0"/>
      <line num="85" type="stmt" count="0"/>
      <line num="86" type="stmt" count="0"/>
      <line num="87" type="stmt" count="0"/>
      <line num="88" type="stmt" count="0"/>
      <line num="89" type="stmt" count="0"/>
      <line num="90" type="stmt" count="0"/>
      <line num="91" type="stmt" count="0"/>
      <line num="92" type="stmt" count="0"/>
      <line num="93" type="stmt" count="0"/>
      <line num="94" type="stmt" count="0"/>
      <line num="95" type="stmt" count="0"/>
      <line num="96" type="stmt" count="0"/>
      <line num="97" type="stmt" count="0"/>
      <line num="98" type="stmt" count="0"/>
      <line num="99" type="stmt" count="0"/>
      <line num="100" type="stmt" count="0"/>
      <line num="101" type="stmt" count="0"/>
      <line num="102" type="stmt" count="0"/>
      <line num="103" type="stmt" count="0"/>
      <line num="104" type="stmt" count="0"/>
      <line num="105" type="stmt" count="0"/>
      <line num="106" type="stmt" count="0"/>
      <line num="107" type="stmt" count="0"/>
      <line num="108" type="stmt" count="0"/>
      <line num="109" type="stmt" count="0"/>
      <line num="110" type="stmt" count="0"/>
      <line num="111" type="stmt" count="0"/>
      <line num="112" type="stmt" count="0"/>
      <line num="113" type="stmt" count="0"/>
      <line num="114" type="stmt" count="0"/>
      <line num="115" type="stmt" count="0"/>
      <line num="116" type="stmt" count="0"/>
      <line num="117" type="stmt" count="0"/>
      <line num="119" type="stmt" count="0"/>
      <line num="120" type="stmt" count="0"/>
      <line num="121" type="stmt" count="0"/>
      <line num="123" type="stmt" count="0"/>
      <line num="125" type="stmt" count="0"/>
      <line num="127" type="stmt" count="0"/>
      <line num="129" type="stmt" count="0"/>
      <line num="130" type="stmt" count="0"/>
      <line num="133" type="stmt" count="0"/>
      <line num="154" type="stmt" count="0"/>
      <line num="155" type="stmt" count="0"/>
      <line num="156" type="stmt" count="0"/>
      <line num="157" type="stmt" count="0"/>
      <line num="158" type="stmt" count="0"/>
      <line num="159" type="stmt" count="0"/>
      <line num="160" type="stmt" count="0"/>
      <line num="161" type="stmt" count="0"/>
      <line num="162" type="stmt" count="0"/>
      <line num="163" type="stmt" count="0"/>
      <line num="164" type="stmt" count="0"/>
      <line num="179" type="stmt" count="0"/>
      <line num="180" type="stmt" count="0"/>
      <line num="181" type="stmt" count="0"/>
      <line num="184" type="stmt" count="0"/>
      <line num="185" type="stmt" count="0"/>
      <line num="186" type="stmt" count="0"/>
      <line num="187" type="stmt" count="0"/>
      <line num="189" type="stmt" count="0"/>
      <line num="191" type="stmt" count="0"/>
      <line num="203" type="stmt" count="0"/>
      <line num="204" type="stmt" count="0"/>
      <line num="205" type="stmt" count="0"/>
      <line num="207" type="stmt" count="0"/>
      <line num="208" type="stmt" count="0"/>
      <line num="209" type="stmt" count="0"/>
      <line num="212" type="stmt" count="0"/>
      <line num="213" type="stmt" count="0"/>
      <line num="214" type="stmt" count="0"/>
      <line num="215" type="stmt" count="0"/>
      <line num="217" type="stmt" count="0"/>
      <metrics loc="222" ncloc="165" classes="0" methods="0" coveredmethods="0" conditionals="0" coveredconditionals="0" statements="124" coveredstatements="0" elements="124" coveredelements="0"/>
    </file>
    <package name="Illuminate\Auth">
      <file name="/home/gufron/public_html/admin-package/workbench/gufy/google-charts/vendor/laravel/framework/src/Illuminate/Auth/AuthServiceProvider.php">
        <class name="AuthServiceProvider" namespace="Illuminate\Auth">
          <metrics methods="2" coveredmethods="0" conditionals="0" coveredconditionals="0" statements="4" coveredstatements="1" elements="6" coveredelements="1"/>
        </class>
        <line num="21" type="method" name="anonymous function" crap="1.30" count="1"/>
        <line num="26" type="stmt" count="0"/>
        <line num="28" type="stmt" count="0"/>
        <line num="29" type="stmt" count="1"/>
        <line num="30" type="stmt" count="1"/>
        <line num="38" type="method" name="provides" crap="2" count="0"/>
        <line num="40" type="stmt" count="0"/>
        <metrics loc="43" ncloc="22" classes="1" methods="2" coveredmethods="0" conditionals="0" coveredconditionals="0" statements="5" coveredstatements="2" elements="7" coveredelements="2"/>
      </file>
    </package>
    <package name="Illuminate\Auth\Reminders">
      <file name="/home/gufron/public_html/admin-package/workbench/gufy/google-charts/vendor/laravel/framework/src/Illuminate/Auth/Reminders/ReminderServiceProvider.php">
        <class name="ReminderServiceProvider" namespace="Illuminate\Auth\Reminders">
          <metrics methods="6" coveredmethods="1" conditionals="0" coveredconditionals="0" statements="26" coveredstatements="11" elements="32" coveredelements="12"/>
        </class>
        <line num="23" type="method" name="register" crap="1" count="1"/>
        <line num="25" type="stmt" count="1"/>
        <line num="27" type="stmt" count="1"/>
        <line num="29" type="stmt" count="1"/>
        <line num="30" type="stmt" count="1"/>
        <line num="37" type="method" name="registerPasswordBroker" crap="1.42" count="1"/>
        <line num="44" type="stmt" count="0"/>
        <line num="46" type="stmt" count="0"/>
        <line num="48" type="stmt" count="0"/>
        <line num="53" type="stmt" count="0"/>
        <line num="55" type="stmt" count="0"/>
        <line num="57" type="stmt" count="0"/>
        <line num="58" type="stmt" count="1"/>
        <line num="59" type="stmt" count="1"/>
        <line num="66" type="method" name="registerReminderRepository" crap="1.36" count="1"/>
        <line num="70" type="stmt" count="0"/>
        <line num="75" type="stmt" count="0"/>
        <line num="77" type="stmt" count="0"/>
        <line num="79" type="stmt" count="0"/>
        <line num="81" type="stmt" count="0"/>
        <line num="82" type="stmt" count="1"/>
        <line num="83" type="stmt" count="1"/>
        <line num="90" type="method" name="registerCommands" crap="1.12" count="1"/>
        <line num="94" type="stmt" count="0"/>
        <line num="95" type="stmt" count="1"/>
        <line num="99" type="stmt" count="0"/>
        <line num="100" type="stmt" count="1"/>
        <line num="102" type="method" name="anonymous function" crap="1.12" count="1"/>
        <line num="104" type="stmt" count="0"/>
        <line num="105" type="stmt" count="1"/>
        <line num="107" type="stmt" count="1"/>
        <line num="108" type="stmt" count="1"/>
        <line num="109" type="stmt" count="1"/>
        <line num="110" type="stmt" count="1"/>
        <line num="117" type="method" name="provides" crap="2" count="0"/>
        <line num="119" type="stmt" count="0"/>
        <metrics loc="122" ncloc="74" classes="1" methods="6" coveredmethods="1" conditionals="0" coveredconditionals="0" statements="30" coveredstatements="15" elements="36" coveredelements="16"/>
      </file>
    </package>
    <package name="Illuminate\Cache">
      <file name="/home/gufron/public_html/admin-package/workbench/gufy/google-charts/vendor/laravel/framework/src/Illuminate/Cache/CacheServiceProvider.php">
        <class name="CacheServiceProvider" namespace="Illuminate\Cache">
          <metrics methods="3" coveredmethods="0" conditionals="0" coveredconditionals="0" statements="11" coveredstatements="6" elements="14" coveredelements="6"/>
        </class>
        <line num="19" type="method" name="register" crap="1.05" count="1"/>
        <line num="23" type="stmt" count="0"/>
        <line num="24" type="stmt" count="1"/>
        <line num="28" type="stmt" count="0"/>
        <line num="29" type="stmt" count="1"/>
        <line num="33" type="stmt" count="0"/>
        <line num="34" type="stmt" count="1"/>
        <line num="36" type="stmt" count="1"/>
        <line num="37" type="stmt" count="1"/>
        <line num="46" type="method" name="anonymous function" crap="1.12" count="1"/>
        <line num="48" type="stmt" count="0"/>
        <line num="49" type="stmt" count="1"/>
        <line num="51" type="stmt" count="1"/>
        <line num="52" type="stmt" count="1"/>
        <line num="59" type="method" name="provides" crap="2" count="0"/>
        <line num="61" type="stmt" count="0"/>
        <metrics loc="64" ncloc="44" classes="1" methods="3" coveredmethods="0" conditionals="0" coveredconditionals="0" statements="13" coveredstatements="8" elements="16" coveredelements="8"/>
      </file>
    </package>
    <package name="Illuminate\Config">
      <file name="/home/gufron/public_html/admin-package/workbench/gufy/google-charts/vendor/laravel/framework/src/Illuminate/Config/EnvironmentVariables.php">
        <class name="EnvironmentVariables" namespace="Illuminate\Config">
          <metrics methods="2" coveredmethods="1" conditionals="0" coveredconditionals="0" statements="8" coveredstatements="5" elements="10" coveredelements="6"/>
        </class>
        <line num="23" type="method" name="__construct" crap="1" count="1"/>
        <line num="25" type="stmt" count="1"/>
        <line num="26" type="stmt" count="1"/>
        <line num="33" type="method" name="load" crap="2.50" count="1"/>
        <line num="35" type="stmt" count="1"/>
        <line num="37" type="stmt" count="0"/>
        <line num="39" type="stmt" count="0"/>
        <line num="41" type="stmt" count="0"/>
        <line num="42" type="stmt" count="1"/>
        <line num="43" type="stmt" count="1"/>
        <metrics loc="45" ncloc="24" classes="1" methods="2" coveredmethods="1" conditionals="0" coveredconditionals="0" statements="8" coveredstatements="5" elements="10" coveredelements="6"/>
      </file>
      <file name="/home/gufron/public_html/admin-package/workbench/gufy/google-charts/vendor/laravel/framework/src/Illuminate/Config/FileEnvironmentVariablesLoader.php">
        <class name="FileEnvironmentVariablesLoader" namespace="Illuminate\Config">
          <metrics methods="3" coveredmethods="1" conditionals="0" coveredconditionals="0" statements="11" coveredstatements="9" elements="14" coveredelements="10"/>
        </class>
        <line num="27" type="method" name="__construct" crap="2" count="1"/>
        <line num="29" type="stmt" count="1"/>
        <line num="30" type="stmt" count="1"/>
        <line num="31" type="stmt" count="1"/>
        <line num="39" type="method" name="load" crap="3.07" count="1"/>
        <line num="41" type="stmt" count="1"/>
        <line num="43" type="stmt" count="1"/>
        <line num="44" type="stmt" count="1"/>
        <line num="45" type="stmt" count="1"/>
        <line num="49" type="stmt" count="0"/>
        <line num="59" type="method" name="getFile" crap="2.15" count="1"/>
        <line num="62" type="stmt" count="1"/>
        <line num="63" type="stmt" count="1"/>
        <line num="67" type="stmt" count="0"/>
        <metrics loc="71" ncloc="43" classes="1" methods="3" coveredmethods="1" conditionals="0" coveredconditionals="0" statements="11" coveredstatements="9" elements="14" coveredelements="10"/>
      </file>
      <file name="/home/gufron/public_html/admin-package/workbench/gufy/google-charts/vendor/laravel/framework/src/Illuminate/Config/FileLoader.php">
        <class name="FileLoader" namespace="Illuminate\Config">
          <metrics methods="11" coveredmethods="2" conditionals="0" coveredconditionals="0" statements="55" coveredstatements="21" elements="66" coveredelements="23"/>
        </class>
        <line num="42" type="method" name="__construct" crap="1" count="1"/>
        <line num="44" type="stmt" count="1"/>
        <line num="45" type="stmt" count="1"/>
        <line num="46" type="stmt" count="1"/>
        <line num="56" type="method" name="load" crap="4.11" count="1"/>
        <line num="58" type="stmt" count="1"/>
        <line num="63" type="stmt" count="1"/>
        <line num="65" type="stmt" count="1"/>
        <line num="66" type="stmt" count="1"/>
        <line num="67" type="stmt" count="0"/>
        <line num="73" type="stmt" count="1"/>
        <line num="75" type="stmt" count="1"/>
        <line num="76" type="stmt" count="1"/>
        <line num="77" type="stmt" count="1"/>
        <line num="78" type="stmt" count="1"/>
        <line num="83" type="stmt" count="1"/>
        <line num="85" type="stmt" count="1"/>
        <line num="86" type="stmt" count="1"/>
        <line num="87" type="stmt" count="0"/>
        <line num="88" type="stmt" count="0"/>
        <line num="90" type="stmt" count="1"/>
        <line num="100" type="method" name="mergeEnvironment" crap="2" count="0"/>
        <line num="102" type="stmt" count="0"/>
        <line num="112" type="method" name="exists" crap="12" count="0"/>
        <line num="114" type="stmt" count="0"/>
        <line num="119" type="stmt" count="0"/>
        <line num="120" type="stmt" count="0"/>
        <line num="121" type="stmt" count="0"/>
        <line num="124" type="stmt" count="0"/>
        <line num="129" type="stmt" count="0"/>
        <line num="130" type="stmt" count="0"/>
        <line num="131" type="stmt" count="0"/>
        <line num="134" type="stmt" count="0"/>
        <line num="139" type="stmt" count="0"/>
        <line num="141" type="stmt" count="0"/>
        <line num="153" type="method" name="cascadePackage" crap="12" count="0"/>
        <line num="158" type="stmt" count="0"/>
        <line num="160" type="stmt" count="0"/>
        <line num="161" type="stmt" count="0"/>
        <line num="162" type="stmt" count="0"/>
        <line num="163" type="stmt" count="0"/>
        <line num="168" type="stmt" count="0"/>
        <line num="170" type="stmt" count="0"/>
        <line num="171" type="stmt" count="0"/>
        <line num="172" type="stmt" count="0"/>
        <line num="173" type="stmt" count="0"/>
        <line num="175" type="stmt" count="0"/>
        <line num="186" type="method" name="getPackagePath" crap="2" count="0"/>
        <line num="188" type="stmt" count="0"/>
        <line num="190" type="stmt" count="0"/>
        <line num="199" type="method" name="getPath" crap="4.12" count="1"/>
        <line num="201" type="stmt" count="1"/>
        <line num="202" type="stmt" count="1"/>
        <line num="203" type="stmt" count="1"/>
        <line num="205" type="stmt" count="0"/>
        <line num="207" type="stmt" count="0"/>
        <line num="209" type="stmt" count="0"/>
        <line num="218" type="method" name="addNamespace" crap="1" count="1"/>
        <line num="220" type="stmt" count="1"/>
        <line num="221" type="stmt" count="1"/>
        <line num="229" type="method" name="getNamespaces" crap="2" count="0"/>
        <line num="231" type="stmt" count="0"/>
        <line num="240" type="method" name="getRequire" crap="2" count="0"/>
        <line num="242" type="stmt" count="0"/>
        <line num="250" type="method" name="getFilesystem" crap="2" count="0"/>
        <line num="252" type="stmt" count="0"/>
        <metrics loc="255" ncloc="111" classes="1" methods="11" coveredmethods="2" conditionals="0" coveredconditionals="0" statements="55" coveredstatements="21" elements="66" coveredelements="23"/>
      </file>
      <file name="/home/gufron/public_html/admin-package/workbench/gufy/google-charts/vendor/laravel/framework/src/Illuminate/Config/Repository.php">
        <class name="Repository" namespace="Illuminate\Config">
          <metrics methods="25" coveredmethods="8" conditionals="0" coveredconditionals="0" statements="74" coveredstatements="39" elements="99" coveredelements="47"/>
        </class>
        <line num="51" type="method" name="__construct" crap="1" count="1"/>
        <line num="53" type="stmt" count="1"/>
        <line num="54" type="stmt" count="1"/>
        <line num="55" type="stmt" count="1"/>
        <line num="63" type="method" name="has" crap="2" count="0"/>
        <line num="65" type="stmt" count="0"/>
        <line num="67" type="stmt" count="0"/>
        <line num="76" type="method" name="hasGroup" crap="2" count="0"/>
        <line num="78" type="stmt" count="0"/>
        <line num="80" type="stmt" count="0"/>
        <line num="90" type="method" name="get" crap="1" count="1"/>
        <line num="92" type="stmt" count="1"/>
        <line num="97" type="stmt" count="1"/>
        <line num="99" type="stmt" count="1"/>
        <line num="101" type="stmt" count="1"/>
        <line num="111" type="method" name="set" crap="2.04" count="1"/>
        <line num="113" type="stmt" count="1"/>
        <line num="115" type="stmt" count="1"/>
        <line num="120" type="stmt" count="1"/>
        <line num="122" type="stmt" count="1"/>
        <line num="123" type="stmt" count="1"/>
        <line num="124" type="stmt" count="0"/>
        <line num="125" type="stmt" count="0"/>
        <line num="128" type="stmt" count="1"/>
        <line num="130" type="stmt" count="1"/>
        <line num="140" type="method" name="load" crap="3.05" count="1"/>
        <line num="142" type="stmt" count="1"/>
        <line num="147" type="stmt" count="1"/>
        <line num="148" type="stmt" count="1"/>
        <line num="149" type="stmt" count="1"/>
        <line num="152" type="stmt" count="1"/>
        <line num="157" type="stmt" count="1"/>
        <line num="158" type="stmt" count="1"/>
        <line num="159" type="stmt" count="0"/>
        <line num="160" type="stmt" count="0"/>
        <line num="162" type="stmt" count="1"/>
        <line num="163" type="stmt" count="1"/>
        <line num="173" type="method" name="callAfterLoad" crap="2" count="0"/>
        <line num="175" type="stmt" count="0"/>
        <line num="177" type="stmt" count="0"/>
        <line num="186" type="method" name="parseNamespacedSegments" crap="6" count="0"/>
        <line num="188" type="stmt" count="0"/>
        <line num="193" type="stmt" count="0"/>
        <line num="194" type="stmt" count="0"/>
        <line num="195" type="stmt" count="0"/>
        <line num="198" type="stmt" count="0"/>
        <line num="209" type="method" name="parsePackageSegments" crap="6" count="0"/>
        <line num="211" type="stmt" count="0"/>
        <line num="216" type="stmt" count="0"/>
        <line num="217" type="stmt" count="0"/>
        <line num="218" type="stmt" count="0"/>
        <line num="221" type="stmt" count="0"/>
        <line num="232" type="method" name="package" crap="1" count="1"/>
        <line num="234" type="stmt" count="1"/>
        <line num="236" type="stmt" count="1"/>
        <line num="241" type="stmt" count="1"/>
        <line num="243" type="method" name="anonymous function" crap="1.42" count="1"/>
        <line num="245" type="stmt" count="0"/>
        <line num="247" type="stmt" count="0"/>
        <line num="249" type="stmt" count="0"/>
        <line num="250" type="stmt" count="1"/>
        <line num="251" type="stmt" count="1"/>
        <line num="260" type="method" name="getPackageNamespace" crap="2.26" count="1"/>
        <line num="262" type="stmt" count="1"/>
        <line num="263" type="stmt" count="1"/>
        <line num="264" type="stmt" count="0"/>
        <line num="265" type="stmt" count="0"/>
        <line num="267" type="stmt" count="1"/>
        <line num="277" type="method" name="afterLoading" crap="1" count="1"/>
        <line num="279" type="stmt" count="1"/>
        <line num="280" type="stmt" count="1"/>
        <line num="289" type="method" name="getCollection" crap="2" count="1"/>
        <line num="291" type="stmt" count="1"/>
        <line num="293" type="stmt" count="1"/>
        <line num="303" type="method" name="addNamespace" crap="1" count="1"/>
        <line num="305" type="stmt" count="1"/>
        <line num="306" type="stmt" count="1"/>
        <line num="314" type="method" name="getNamespaces" crap="2" count="0"/>
        <line num="316" type="stmt" count="0"/>
        <line num="324" type="method" name="getLoader" crap="2" count="0"/>
        <line num="326" type="stmt" count="0"/>
        <line num="335" type="method" name="setLoader" crap="2" count="0"/>
        <line num="337" type="stmt" count="0"/>
        <line num="338" type="stmt" count="0"/>
        <line num="345" type="method" name="getEnvironment" crap="2" count="0"/>
        <line num="347" type="stmt" count="0"/>
        <line num="355" type="method" name="getAfterLoadCallbacks" crap="2" count="0"/>
        <line num="357" type="stmt" count="0"/>
        <line num="365" type="method" name="getItems" crap="2" count="0"/>
        <line num="367" type="stmt" count="0"/>
        <line num="376" type="method" name="offsetExists" crap="2" count="0"/>
        <line num="378" type="stmt" count="0"/>
        <line num="387" type="method" name="offsetGet" crap="1" count="1"/>
        <line num="389" type="stmt" count="1"/>
        <line num="399" type="method" name="offsetSet" crap="1" count="1"/>
        <line num="401" type="stmt" count="1"/>
        <line num="402" type="stmt" count="1"/>
        <line num="410" type="method" name="offsetUnset" crap="2" count="0"/>
        <line num="412" type="stmt" count="0"/>
        <line num="413" type="stmt" count="0"/>
        <metrics loc="415" ncloc="192" classes="1" methods="25" coveredmethods="8" conditionals="0" coveredconditionals="0" statements="75" coveredstatements="40" elements="100" coveredelements="48"/>
      </file>
    </package>
    <package name="Illuminate\Container">
      <file name="/home/gufron/public_html/admin-package/workbench/gufy/google-charts/vendor/laravel/framework/src/Illuminate/Container/Container.php">
        <class name="BindingResolutionException" namespace="Illuminate\Container">
          <metrics methods="0" coveredmethods="0" conditionals="0" coveredconditionals="0" statements="0" coveredstatements="0" elements="0" coveredelements="0"/>
        </class>
        <class name="Container" namespace="Illuminate\Container">
          <metrics methods="42" coveredmethods="13" conditionals="0" coveredconditionals="0" statements="202" coveredstatements="114" elements="244" coveredelements="127"/>
        </class>
        <line num="67" type="method" name="resolvable" crap="6" count="0"/>
        <line num="69" type="stmt" count="0"/>
        <line num="78" type="method" name="bound" crap="2" count="1"/>
        <line num="80" type="stmt" count="1"/>
        <line num="81" type="stmt" count="1"/>
        <line num="89" type="method" name="isAlias" crap="2" count="0"/>
        <line num="91" type="stmt" count="0"/>
        <line num="102" type="method" name="bind" crap="5.58" count="1"/>
        <line num="103" type="stmt" count="1"/>
        <line num="107" type="stmt" count="1"/>
        <line num="108" type="stmt" count="1"/>
        <line num="109" type="stmt" count="0"/>
        <line num="111" type="stmt" count="0"/>
        <line num="112" type="stmt" count="0"/>
        <line num="117" type="stmt" count="1"/>
        <line num="119" type="stmt" count="1"/>
        <line num="120" type="stmt" count="1"/>
        <line num="121" type="stmt" count="0"/>
        <line num="122" type="stmt" count="1"/>
        <line num="127" type="stmt" count="1"/>
        <line num="128" type="stmt" count="1"/>
        <line num="129" type="stmt" count="0"/>
        <line num="130" type="stmt" count="0"/>
        <line num="132" type="stmt" count="1"/>
        <line num="134" type="stmt" count="1"/>
        <line num="140" type="stmt" count="1"/>
        <line num="141" type="stmt" count="1"/>
        <line num="142" type="stmt" count="1"/>
        <line num="143" type="stmt" count="1"/>
        <line num="152" type="method" name="getClosure" crap="6" count="0"/>
        <line num="156" type="stmt" count="0"/>
        <line num="158" type="stmt" count="0"/>
        <line num="159" type="stmt" count="0"/>
        <line num="170" type="method" name="bindIf" crap="6" count="0"/>
        <line num="172" type="stmt" count="0"/>
        <line num="173" type="stmt" count="0"/>
        <line num="174" type="stmt" count="0"/>
        <line num="175" type="stmt" count="0"/>
        <line num="176" type="stmt" count="0"/>
        <line num="185" type="method" name="singleton" crap="2" count="0"/>
        <line num="187" type="stmt" count="0"/>
        <line num="196" type="method" name="share" crap="2" count="1"/>
        <line num="203" type="stmt" count="1"/>
        <line num="205" type="stmt" count="1"/>
        <line num="206" type="stmt" count="1"/>
        <line num="207" type="stmt" count="1"/>
        <line num="208" type="stmt" count="1"/>
        <line num="210" type="stmt" count="1"/>
        <line num="211" type="stmt" count="1"/>
        <line num="221" type="method" name="bindShared" crap="1" count="1"/>
        <line num="223" type="stmt" count="1"/>
        <line num="235" type="method" name="extend" crap="12" count="0"/>
        <line num="237" type="stmt" count="0"/>
        <line num="238" type="stmt" count="0"/>
        <line num="239" type="stmt" count="0"/>
        <line num="242" type="stmt" count="0"/>
        <line num="243" type="stmt" count="0"/>
        <line num="244" type="stmt" count="0"/>
        <line num="246" type="stmt" count="0"/>
        <line num="247" type="stmt" count="0"/>
        <line num="250" type="stmt" count="0"/>
        <line num="252" type="stmt" count="0"/>
        <line num="254" type="stmt" count="0"/>
        <line num="263" type="method" name="getExtender" crap="2" count="0"/>
        <line num="268" type="stmt" count="0"/>
        <line num="272" type="stmt" count="0"/>
        <line num="273" type="stmt" count="0"/>
        <line num="283" type="method" name="instance" crap="3.14" count="1"/>
        <line num="288" type="stmt" count="1"/>
        <line num="289" type="stmt" count="1"/>
        <line num="290" type="stmt" count="0"/>
        <line num="292" type="stmt" count="0"/>
        <line num="293" type="stmt" count="0"/>
        <line num="295" type="stmt" count="1"/>
        <line num="300" type="stmt" count="1"/>
        <line num="302" type="stmt" count="1"/>
        <line num="305" type="stmt" count="1"/>
        <line num="306" type="stmt" count="1"/>
        <line num="307" type="stmt" count="1"/>
        <line num="308" type="stmt" count="1"/>
        <line num="317" type="method" name="alias" crap="1" count="1"/>
        <line num="319" type="stmt" count="1"/>
        <line num="320" type="stmt" count="1"/>
        <line num="328" type="method" name="extractAlias" crap="2" count="0"/>
        <line num="330" type="stmt" count="0"/>
        <line num="340" type="method" name="rebinding" crap="6" count="0"/>
        <line num="342" type="stmt" count="0"/>
        <line num="344" type="stmt" count="0"/>
        <line num="345" type="stmt" count="0"/>
        <line num="355" type="method" name="refresh" crap="2" count="0"/>
        <line num="359" type="stmt" count="0"/>
        <line num="360" type="stmt" count="0"/>
        <line num="369" type="method" name="rebound" crap="2.03" count="1"/>
        <line num="371" type="stmt" count="1"/>
        <line num="373" type="stmt" count="1"/>
        <line num="375" type="stmt" count="0"/>
        <line num="376" type="stmt" count="1"/>
        <line num="377" type="stmt" count="1"/>
        <line num="385" type="method" name="getReboundCallbacks" crap="2.06" count="1"/>
        <line num="387" type="stmt" count="1"/>
        <line num="388" type="stmt" count="1"/>
        <line num="389" type="stmt" count="0"/>
        <line num="393" type="stmt" count="1"/>
        <line num="404" type="method" name="make" crap="4.00" count="1"/>
        <line num="406" type="stmt" count="1"/>
        <line num="408" type="stmt" count="1"/>
        <line num="413" type="stmt" count="1"/>
        <line num="414" type="stmt" count="1"/>
        <line num="415" type="stmt" count="1"/>
        <line num="418" type="stmt" count="1"/>
        <line num="423" type="stmt" count="1"/>
        <line num="424" type="stmt" count="1"/>
        <line num="425" type="stmt" count="1"/>
        <line num="426" type="stmt" count="1"/>
        <line num="429" type="stmt" count="0"/>
        <line num="435" type="stmt" count="1"/>
        <line num="436" type="stmt" count="1"/>
        <line num="437" type="stmt" count="1"/>
        <line num="438" type="stmt" count="1"/>
        <line num="440" type="stmt" count="1"/>
        <line num="442" type="stmt" count="1"/>
        <line num="451" type="method" name="getConcrete" crap="4.25" count="1"/>
        <line num="456" type="stmt" count="1"/>
        <line num="457" type="stmt" count="1"/>
        <line num="458" type="stmt" count="1"/>
        <line num="459" type="stmt" count="1"/>
        <line num="460" type="stmt" count="0"/>
        <line num="461" type="stmt" count="0"/>
        <line num="463" type="stmt" count="1"/>
        <line num="467" type="stmt" count="1"/>
        <line num="477" type="method" name="missingLeadingSlash" crap="2" count="1"/>
        <line num="479" type="stmt" count="1"/>
        <line num="491" type="method" name="build" crap="4.05" count="1"/>
        <line num="496" type="stmt" count="1"/>
        <line num="497" type="stmt" count="1"/>
        <line num="498" type="stmt" count="1"/>
        <line num="501" type="stmt" count="1"/>
        <line num="506" type="stmt" count="1"/>
        <line num="507" type="stmt" count="1"/>
        <line num="508" type="stmt" count="0"/>
        <line num="510" type="stmt" count="0"/>
        <line num="513" type="stmt" count="1"/>
        <line num="518" type="stmt" count="1"/>
        <line num="519" type="stmt" count="1"/>
        <line num="520" type="stmt" count="0"/>
        <line num="523" type="stmt" count="1"/>
        <line num="528" type="stmt" count="1"/>
        <line num="529" type="stmt" count="1"/>
        <line num="530" type="stmt" count="1"/>
        <line num="532" type="stmt" count="1"/>
        <line num="533" type="stmt" count="1"/>
        <line num="534" type="stmt" count="1"/>
        <line num="536" type="stmt" count="1"/>
        <line num="546" type="method" name="getDependencies" crap="9.31" count="1"/>
        <line num="548" type="stmt" count="1"/>
        <line num="550" type="stmt" count="1"/>
        <line num="552" type="stmt" count="0"/>
        <line num="557" type="stmt" count="0"/>
        <line num="558" type="stmt" count="0"/>
        <line num="559" type="stmt" count="0"/>
        <line num="560" type="stmt" count="0"/>
        <line num="561" type="stmt" count="0"/>
        <line num="563" type="stmt" count="0"/>
        <line num="564" type="stmt" count="0"/>
        <line num="567" type="stmt" count="0"/>
        <line num="569" type="stmt" count="1"/>
        <line num="571" type="stmt" count="1"/>
        <line num="582" type="method" name="resolveNonClass" crap="6" count="0"/>
        <line num="584" type="stmt" count="0"/>
        <line num="585" type="stmt" count="0"/>
        <line num="586" type="stmt" count="0"/>
        <line num="590" type="stmt" count="0"/>
        <line num="592" type="stmt" count="0"/>
        <line num="604" type="method" name="resolveClass" crap="12" count="0"/>
        <line num="608" type="stmt" count="0"/>
        <line num="614" type="stmt" count="0"/>
        <line num="616" type="stmt" count="0"/>
        <line num="617" type="stmt" count="0"/>
        <line num="618" type="stmt" count="0"/>
        <line num="622" type="stmt" count="0"/>
        <line num="635" type="method" name="keyParametersByArgument" crap="5.20" count="1"/>
        <line num="637" type="stmt" count="1"/>
        <line num="639" type="stmt" count="0"/>
        <line num="640" type="stmt" count="0"/>
        <line num="641" type="stmt" count="0"/>
        <line num="643" type="stmt" count="0"/>
        <line num="644" type="stmt" count="0"/>
        <line num="645" type="stmt" count="1"/>
        <line num="647" type="stmt" count="1"/>
        <line num="657" type="method" name="resolving" crap="2" count="0"/>
        <line num="659" type="stmt" count="0"/>
        <line num="660" type="stmt" count="0"/>
        <line num="668" type="method" name="resolvingAny" crap="2" count="0"/>
        <line num="670" type="stmt" count="0"/>
        <line num="671" type="stmt" count="0"/>
        <line num="679" type="method" name="fireResolvingCallbacks" crap="2.15" count="1"/>
        <line num="681" type="stmt" count="1"/>
        <line num="682" type="stmt" count="1"/>
        <line num="683" type="stmt" count="0"/>
        <line num="684" type="stmt" count="0"/>
        <line num="686" type="stmt" count="1"/>
        <line num="687" type="stmt" count="1"/>
        <line num="695" type="method" name="fireCallbackArray" crap="2.06" count="1"/>
        <line num="697" type="stmt" count="1"/>
        <line num="699" type="stmt" count="0"/>
        <line num="700" type="stmt" count="1"/>
        <line num="701" type="stmt" count="1"/>
        <line num="709" type="method" name="isShared" crap="3" count="1"/>
        <line num="711" type="stmt" count="1"/>
        <line num="712" type="stmt" count="1"/>
        <line num="713" type="stmt" count="1"/>
        <line num="714" type="stmt" count="1"/>
        <line num="717" type="stmt" count="1"/>
        <line num="720" type="stmt" count="1"/>
        <line num="730" type="method" name="isBuildable" crap="2" count="1"/>
        <line num="732" type="stmt" count="1"/>
        <line num="741" type="method" name="getAlias" crap="2" count="1"/>
        <line num="743" type="stmt" count="1"/>
        <line num="751" type="method" name="getBindings" crap="2" count="0"/>
        <line num="753" type="stmt" count="0"/>
        <line num="762" type="method" name="dropStaleInstances" crap="1" count="1"/>
        <line num="764" type="stmt" count="1"/>
        <line num="766" type="stmt" count="1"/>
        <line num="767" type="stmt" count="1"/>
        <line num="775" type="method" name="forgetInstance" crap="2" count="0"/>
        <line num="777" type="stmt" count="0"/>
        <line num="778" type="stmt" count="0"/>
        <line num="785" type="method" name="forgetInstances" crap="2" count="0"/>
        <line num="787" type="stmt" count="0"/>
        <line num="788" type="stmt" count="0"/>
        <line num="796" type="method" name="offsetExists" crap="1" count="1"/>
        <line num="798" type="stmt" count="1"/>
        <line num="807" type="method" name="offsetGet" crap="1" count="1"/>
        <line num="809" type="stmt" count="1"/>
        <line num="819" type="method" name="offsetSet" crap="2" count="1"/>
        <line num="824" type="stmt" count="1"/>
        <line num="825" type="stmt" count="1"/>
        <line num="826" type="method" name="anonymous function" crap="1" count="1"/>
        <line num="828" type="stmt" count="1"/>
        <line num="829" type="stmt" count="1"/>
        <line num="830" type="stmt" count="1"/>
        <line num="832" type="stmt" count="1"/>
        <line num="833" type="stmt" count="1"/>
        <line num="841" type="method" name="offsetUnset" crap="2" count="0"/>
        <line num="843" type="stmt" count="0"/>
        <line num="845" type="stmt" count="0"/>
        <line num="846" type="stmt" count="0"/>
        <metrics loc="848" ncloc="425" classes="2" methods="42" coveredmethods="13" conditionals="0" coveredconditionals="0" statements="205" coveredstatements="117" elements="247" coveredelements="130"/>
      </file>
    </package>
    <package name="Illuminate\Cookie">
      <file name="/home/gufron/public_html/admin-package/workbench/gufy/google-charts/vendor/laravel/framework/src/Illuminate/Cookie/CookieServiceProvider.php">
        <class name="CookieServiceProvider" namespace="Illuminate\Cookie">
          <metrics methods="1" coveredmethods="0" conditionals="0" coveredconditionals="0" statements="3" coveredstatements="1" elements="4" coveredelements="1"/>
        </class>
        <line num="14" type="method" name="anonymous function" crap="1.30" count="1"/>
        <line num="16" type="stmt" count="0"/>
        <line num="18" type="stmt" count="0"/>
        <line num="19" type="stmt" count="1"/>
        <line num="20" type="stmt" count="1"/>
        <metrics loc="21" ncloc="16" classes="1" methods="1" coveredmethods="0" conditionals="0" coveredconditionals="0" statements="4" coveredstatements="2" elements="5" coveredelements="2"/>
      </file>
    </package>
    <package name="Illuminate\Database\Connectors">
      <file name="/home/gufron/public_html/admin-package/workbench/gufy/google-charts/vendor/laravel/framework/src/Illuminate/Database/Connectors/ConnectionFactory.php">
        <class name="ConnectionFactory" namespace="Illuminate\Database\Connectors">
          <metrics methods="12" coveredmethods="1" conditionals="0" coveredconditionals="0" statements="52" coveredstatements="2" elements="64" coveredelements="3"/>
        </class>
        <line num="25" type="method" name="__construct" crap="1" count="1"/>
        <line num="27" type="stmt" count="1"/>
        <line num="28" type="stmt" count="1"/>
        <line num="37" type="method" name="make" crap="6" count="0"/>
        <line num="39" type="stmt" count="0"/>
        <line num="41" type="stmt" count="0"/>
        <line num="42" type="stmt" count="0"/>
        <line num="43" type="stmt" count="0"/>
        <line num="47" type="stmt" count="0"/>
        <line num="57" type="method" name="createSingleConnection" crap="2" count="0"/>
        <line num="59" type="stmt" count="0"/>
        <line num="61" type="stmt" count="0"/>
        <line num="70" type="method" name="createReadWriteConnection" crap="2" count="0"/>
        <line num="72" type="stmt" count="0"/>
        <line num="74" type="stmt" count="0"/>
        <line num="83" type="method" name="createReadPdo" crap="2" count="0"/>
        <line num="85" type="stmt" count="0"/>
        <line num="87" type="stmt" count="0"/>
        <line num="96" type="method" name="getReadConfig" crap="2" count="0"/>
        <line num="98" type="stmt" count="0"/>
        <line num="100" type="stmt" count="0"/>
        <line num="109" type="method" name="getWriteConfig" crap="2" count="0"/>
        <line num="111" type="stmt" count="0"/>
        <line num="113" type="stmt" count="0"/>
        <line num="123" type="method" name="getReadWriteConfig" crap="6" count="0"/>
        <line num="125" type="stmt" count="0"/>
        <line num="126" type="stmt" count="0"/>
        <line num="127" type="stmt" count="0"/>
        <line num="131" type="stmt" count="0"/>
        <line num="142" type="method" name="mergeReadWriteConfig" crap="2" count="0"/>
        <line num="144" type="stmt" count="0"/>
        <line num="154" type="method" name="parseConfig" crap="2" count="0"/>
        <line num="156" type="stmt" count="0"/>
        <line num="167" type="method" name="createConnector" crap="56" count="0"/>
        <line num="169" type="stmt" count="0"/>
        <line num="170" type="stmt" count="0"/>
        <line num="171" type="stmt" count="0"/>
        <line num="174" type="stmt" count="0"/>
        <line num="175" type="stmt" count="0"/>
        <line num="176" type="stmt" count="0"/>
        <line num="179" type="stmt" count="0"/>
        <line num="181" type="stmt" count="0"/>
        <line num="182" type="stmt" count="0"/>
        <line num="184" type="stmt" count="0"/>
        <line num="185" type="stmt" count="0"/>
        <line num="187" type="stmt" count="0"/>
        <line num="188" type="stmt" count="0"/>
        <line num="190" type="stmt" count="0"/>
        <line num="191" type="stmt" count="0"/>
        <line num="192" type="stmt" count="0"/>
        <line num="194" type="stmt" count="0"/>
        <line num="209" type="method" name="createConnection" crap="42" count="0"/>
        <line num="211" type="stmt" count="0"/>
        <line num="212" type="stmt" count="0"/>
        <line num="213" type="stmt" count="0"/>
        <line num="218" type="stmt" count="0"/>
        <line num="219" type="stmt" count="0"/>
        <line num="221" type="stmt" count="0"/>
        <line num="222" type="stmt" count="0"/>
        <line num="224" type="stmt" count="0"/>
        <line num="225" type="stmt" count="0"/>
        <line num="227" type="stmt" count="0"/>
        <line num="228" type="stmt" count="0"/>
        <line num="231" type="stmt" count="0"/>
        <metrics loc="234" ncloc="145" classes="1" methods="12" coveredmethods="1" conditionals="0" coveredconditionals="0" statements="52" coveredstatements="2" elements="64" coveredelements="3"/>
      </file>
    </package>
    <package name="Illuminate\Database">
      <file name="/home/gufron/public_html/admin-package/workbench/gufy/google-charts/vendor/laravel/framework/src/Illuminate/Database/DatabaseManager.php">
        <class name="DatabaseManager" namespace="Illuminate\Database">
          <metrics methods="13" coveredmethods="1" conditionals="0" coveredconditionals="0" statements="48" coveredstatements="3" elements="61" coveredelements="4"/>
        </class>
        <line num="42" type="method" name="__construct" crap="1" count="1"/>
        <line num="44" type="stmt" count="1"/>
        <line num="45" type="stmt" count="1"/>
        <line num="46" type="stmt" count="1"/>
        <line num="54" type="method" name="connection" crap="12" count="0"/>
        <line num="56" type="stmt" count="0"/>
        <line num="61" type="stmt" count="0"/>
        <line num="62" type="stmt" count="0"/>
        <line num="63" type="stmt" count="0"/>
        <line num="65" type="stmt" count="0"/>
        <line num="66" type="stmt" count="0"/>
        <line num="68" type="stmt" count="0"/>
        <line num="77" type="method" name="reconnect" crap="6" count="0"/>
        <line num="79" type="stmt" count="0"/>
        <line num="81" type="stmt" count="0"/>
        <line num="83" type="stmt" count="0"/>
        <line num="92" type="method" name="disconnect" crap="6" count="0"/>
        <line num="94" type="stmt" count="0"/>
        <line num="96" type="stmt" count="0"/>
        <line num="97" type="stmt" count="0"/>
        <line num="105" type="method" name="makeConnection" crap="12" count="0"/>
        <line num="107" type="stmt" count="0"/>
        <line num="112" type="stmt" count="0"/>
        <line num="113" type="stmt" count="0"/>
        <line num="114" type="stmt" count="0"/>
        <line num="117" type="stmt" count="0"/>
        <line num="122" type="stmt" count="0"/>
        <line num="123" type="stmt" count="0"/>
        <line num="124" type="stmt" count="0"/>
        <line num="127" type="stmt" count="0"/>
        <line num="136" type="method" name="prepare" crap="6" count="0"/>
        <line num="138" type="stmt" count="0"/>
        <line num="140" type="stmt" count="0"/>
        <line num="141" type="stmt" count="0"/>
        <line num="142" type="stmt" count="0"/>
        <line num="143" type="stmt" count="0"/>
        <line num="148" type="stmt" count="0"/>
        <line num="152" type="stmt" count="0"/>
        <line num="153" type="stmt" count="0"/>
        <line num="158" type="method" name="anonymous function" crap="2" count="0"/>
        <line num="160" type="stmt" count="0"/>
        <line num="161" type="stmt" count="0"/>
        <line num="163" type="stmt" count="0"/>
        <line num="174" type="method" name="getConfig" crap="12" count="0"/>
        <line num="176" type="stmt" count="0"/>
        <line num="181" type="stmt" count="0"/>
        <line num="183" type="stmt" count="0"/>
        <line num="184" type="stmt" count="0"/>
        <line num="185" type="stmt" count="0"/>
        <line num="188" type="stmt" count="0"/>
        <line num="196" type="method" name="getDefaultConnection" crap="2" count="0"/>
        <line num="198" type="stmt" count="0"/>
        <line num="207" type="method" name="setDefaultConnection" crap="2" count="0"/>
        <line num="209" type="stmt" count="0"/>
        <line num="210" type="stmt" count="0"/>
        <line num="219" type="method" name="extend" crap="2" count="0"/>
        <line num="221" type="stmt" count="0"/>
        <line num="222" type="stmt" count="0"/>
        <line num="229" type="method" name="getConnections" crap="2" count="0"/>
        <line num="231" type="stmt" count="0"/>
        <line num="241" type="method" name="__call" crap="2" count="0"/>
        <line num="243" type="stmt" count="0"/>
        <metrics loc="246" ncloc="115" classes="1" methods="13" coveredmethods="1" conditionals="0" coveredconditionals="0" statements="49" coveredstatements="3" elements="62" coveredelements="4"/>
      </file>
      <file name="/home/gufron/public_html/admin-package/workbench/gufy/google-charts/vendor/laravel/framework/src/Illuminate/Database/DatabaseServiceProvider.php">
        <class name="DatabaseServiceProvider" namespace="Illuminate\Database">
          <metrics methods="3" coveredmethods="3" conditionals="0" coveredconditionals="0" statements="7" coveredstatements="7" elements="10" coveredelements="10"/>
        </class>
        <line num="14" type="method" name="boot" crap="1" count="1"/>
        <line num="16" type="stmt" count="1"/>
        <line num="18" type="stmt" count="1"/>
        <line num="19" type="stmt" count="1"/>
        <line num="26" type="method" name="register" crap="1" count="1"/>
        <line num="33" type="stmt" count="1"/>
        <line num="34" type="stmt" count="1"/>
        <line num="39" type="method" name="anonymous function" crap="1" count="1"/>
        <line num="41" type="stmt" count="1"/>
        <line num="42" type="stmt" count="1"/>
        <line num="43" type="stmt" count="1"/>
        <metrics loc="45" ncloc="23" classes="1" methods="3" coveredmethods="3" conditionals="0" coveredconditionals="0" statements="8" coveredstatements="8" elements="11" coveredelements="11"/>
      </file>
      <file name="/home/gufron/public_html/admin-package/workbench/gufy/google-charts/vendor/laravel/framework/src/Illuminate/Database/MigrationServiceProvider.php">
        <class name="MigrationServiceProvider" namespace="Illuminate\Database">
          <metrics methods="12" coveredmethods="2" conditionals="0" coveredconditionals="0" statements="49" coveredstatements="30" elements="61" coveredelements="32"/>
        </class>
        <line num="28" type="method" name="register" crap="1" count="1"/>
        <line num="30" type="stmt" count="1"/>
        <line num="35" type="stmt" count="1"/>
        <line num="37" type="stmt" count="1"/>
        <line num="38" type="stmt" count="1"/>
        <line num="45" type="method" name="registerRepository" crap="1.12" count="1"/>
        <line num="49" type="stmt" count="0"/>
        <line num="51" type="stmt" count="0"/>
        <line num="52" type="stmt" count="1"/>
        <line num="53" type="stmt" count="1"/>
        <line num="60" type="method" name="registerMigrator" crap="1.12" count="1"/>
        <line num="67" type="stmt" count="0"/>
        <line num="69" type="stmt" count="0"/>
        <line num="70" type="stmt" count="1"/>
        <line num="71" type="stmt" count="1"/>
        <line num="78" type="method" name="registerCommands" crap="2" count="1"/>
        <line num="80" type="stmt" count="1"/>
        <line num="85" type="stmt" count="1"/>
        <line num="87" type="stmt" count="1"/>
        <line num="88" type="stmt" count="1"/>
        <line num="93" type="stmt" count="1"/>
        <line num="94" type="stmt" count="1"/>
        <line num="95" type="stmt" count="1"/>
        <line num="96" type="stmt" count="1"/>
        <line num="97" type="stmt" count="1"/>
        <line num="98" type="stmt" count="1"/>
        <line num="105" type="method" name="registerMigrateCommand" crap="1.12" count="1"/>
        <line num="109" type="stmt" count="0"/>
        <line num="111" type="stmt" count="0"/>
        <line num="112" type="stmt" count="1"/>
        <line num="113" type="stmt" count="1"/>
        <line num="120" type="method" name="registerRollbackCommand" crap="1.04" count="1"/>
        <line num="124" type="stmt" count="0"/>
        <line num="125" type="stmt" count="1"/>
        <line num="126" type="stmt" count="1"/>
        <line num="133" type="method" name="registerResetCommand" crap="1.04" count="1"/>
        <line num="137" type="stmt" count="0"/>
        <line num="138" type="stmt" count="1"/>
        <line num="139" type="stmt" count="1"/>
        <line num="146" type="method" name="registerRefreshCommand" crap="1.04" count="1"/>
        <line num="150" type="stmt" count="0"/>
        <line num="151" type="stmt" count="1"/>
        <line num="152" type="stmt" count="1"/>
        <line num="159" type="method" name="registerInstallCommand" crap="1.04" count="1"/>
        <line num="163" type="stmt" count="0"/>
        <line num="164" type="stmt" count="1"/>
        <line num="165" type="stmt" count="1"/>
        <line num="172" type="method" name="registerMakeCommand" crap="1.12" count="1"/>
        <line num="176" type="stmt" count="0"/>
        <line num="177" type="stmt" count="1"/>
        <line num="179" type="method" name="anonymous function" crap="1.42" count="1"/>
        <line num="184" type="stmt" count="0"/>
        <line num="186" type="stmt" count="0"/>
        <line num="188" type="stmt" count="0"/>
        <line num="189" type="stmt" count="1"/>
        <line num="190" type="stmt" count="1"/>
        <line num="197" type="method" name="provides" crap="2" count="0"/>
        <line num="200" type="stmt" count="0"/>
        <line num="201" type="stmt" count="0"/>
        <line num="202" type="stmt" count="0"/>
        <line num="203" type="stmt" count="0"/>
        <line num="204" type="stmt" count="0"/>
        <metrics loc="207" ncloc="117" classes="1" methods="12" coveredmethods="2" conditionals="0" coveredconditionals="0" statements="50" coveredstatements="31" elements="62" coveredelements="33"/>
      </file>
      <file name="/home/gufron/public_html/admin-package/workbench/gufy/google-charts/vendor/laravel/framework/src/Illuminate/Database/SeedServiceProvider.php">
        <class name="SeedServiceProvider" namespace="Illuminate\Database">
          <metrics methods="3" coveredmethods="0" conditionals="0" coveredconditionals="0" statements="8" coveredstatements="5" elements="11" coveredelements="5"/>
        </class>
        <line num="20" type="method" name="register" crap="1.01" count="1"/>
        <line num="22" type="stmt" count="1"/>
        <line num="26" type="stmt" count="0"/>
        <line num="27" type="stmt" count="1"/>
        <line num="29" type="stmt" count="1"/>
        <line num="30" type="stmt" count="1"/>
        <line num="39" type="method" name="anonymous function" crap="1.12" count="1"/>
        <line num="41" type="stmt" count="0"/>
        <line num="42" type="stmt" count="1"/>
        <line num="43" type="stmt" count="1"/>
        <line num="50" type="method" name="provides" crap="2" count="0"/>
        <line num="52" type="stmt" count="0"/>
        <metrics loc="55" ncloc="35" classes="1" methods="3" coveredmethods="0" conditionals="0" coveredconditionals="0" statements="9" coveredstatements="6" elements="12" coveredelements="6"/>
      </file>
    </package>
    <package name="Illuminate\Database\Eloquent">
      <file name="/home/gufron/public_html/admin-package/workbench/gufy/google-charts/vendor/laravel/framework/src/Illuminate/Database/Eloquent/Model.php">
        <class name="Model" namespace="Illuminate\Database\Eloquent">
          <metrics methods="172" coveredmethods="2" conditionals="0" coveredconditionals="0" statements="631" coveredstatements="4" elements="803" coveredelements="6"/>
        </class>
        <line num="243" type="method" name="__construct" crap="2" count="0"/>
        <line num="245" type="stmt" count="0"/>
        <line num="247" type="stmt" count="0"/>
        <line num="249" type="stmt" count="0"/>
        <line num="250" type="stmt" count="0"/>
        <line num="257" type="method" name="bootIfNotBooted" crap="6" count="0"/>
        <line num="259" type="stmt" count="0"/>
        <line num="261" type="stmt" count="0"/>
        <line num="262" type="stmt" count="0"/>
        <line num="263" type="stmt" count="0"/>
        <line num="265" type="stmt" count="0"/>
        <line num="267" type="stmt" count="0"/>
        <line num="269" type="stmt" count="0"/>
        <line num="270" type="stmt" count="0"/>
        <line num="271" type="stmt" count="0"/>
        <line num="278" type="method" name="boot" crap="20" count="0"/>
        <line num="280" type="stmt" count="0"/>
        <line num="282" type="stmt" count="0"/>
        <line num="287" type="stmt" count="0"/>
        <line num="289" type="stmt" count="0"/>
        <line num="290" type="stmt" count="0"/>
        <line num="291" type="stmt" count="0"/>
        <line num="293" type="stmt" count="0"/>
        <line num="294" type="stmt" count="0"/>
        <line num="295" type="stmt" count="0"/>
        <line num="297" type="stmt" count="0"/>
        <line num="298" type="stmt" count="0"/>
        <line num="305" type="method" name="bootTraits" crap="12" count="0"/>
        <line num="307" type="stmt" count="0"/>
        <line num="309" type="stmt" count="0"/>
        <line num="310" type="stmt" count="0"/>
        <line num="311" type="stmt" count="0"/>
        <line num="312" type="stmt" count="0"/>
        <line num="313" type="stmt" count="0"/>
        <line num="314" type="stmt" count="0"/>
        <line num="322" type="method" name="addGlobalScope" crap="2" count="0"/>
        <line num="324" type="stmt" count="0"/>
        <line num="325" type="stmt" count="0"/>
        <line num="333" type="method" name="hasGlobalScope" crap="2" count="0"/>
        <line num="335" type="stmt" count="0"/>
        <line num="344" type="method" name="getGlobalScope" crap="2" count="0"/>
        <line num="348" type="stmt" count="0"/>
        <line num="349" type="stmt" count="0"/>
        <line num="357" type="method" name="getGlobalScopes" crap="2" count="0"/>
        <line num="359" type="stmt" count="0"/>
        <line num="368" type="method" name="observe" crap="12" count="0"/>
        <line num="370" type="stmt" count="0"/>
        <line num="372" type="stmt" count="0"/>
        <line num="377" type="stmt" count="0"/>
        <line num="379" type="stmt" count="0"/>
        <line num="380" type="stmt" count="0"/>
        <line num="381" type="stmt" count="0"/>
        <line num="382" type="stmt" count="0"/>
        <line num="383" type="stmt" count="0"/>
        <line num="384" type="stmt" count="0"/>
        <line num="394" type="method" name="fill" crap="20" count="0"/>
        <line num="396" type="stmt" count="0"/>
        <line num="398" type="stmt" count="0"/>
        <line num="400" type="stmt" count="0"/>
        <line num="405" type="stmt" count="0"/>
        <line num="406" type="stmt" count="0"/>
        <line num="407" type="stmt" count="0"/>
        <line num="408" type="stmt" count="0"/>
        <line num="409" type="stmt" count="0"/>
        <line num="411" type="stmt" count="0"/>
        <line num="413" type="stmt" count="0"/>
        <line num="415" type="stmt" count="0"/>
        <line num="424" type="method" name="fillableFromArray" crap="12" count="0"/>
        <line num="426" type="stmt" count="0"/>
        <line num="427" type="stmt" count="0"/>
        <line num="428" type="stmt" count="0"/>
        <line num="431" type="stmt" count="0"/>
        <line num="441" type="method" name="newInstance" crap="2" count="0"/>
        <line num="446" type="stmt" count="0"/>
        <line num="448" type="stmt" count="0"/>
        <line num="450" type="stmt" count="0"/>
        <line num="459" type="method" name="newFromBuilder" crap="2" count="0"/>
        <line num="461" type="stmt" count="0"/>
        <line num="463" type="stmt" count="0"/>
        <line num="465" type="stmt" count="0"/>
        <line num="475" type="method" name="hydrate" crap="12" count="0"/>
        <line num="477" type="stmt" count="0"/>
        <line num="479" type="stmt" count="0"/>
        <line num="481" type="stmt" count="0"/>
        <line num="483" type="stmt" count="0"/>
        <line num="484" type="stmt" count="0"/>
        <line num="485" type="stmt" count="0"/>
        <line num="486" type="stmt" count="0"/>
        <line num="488" type="stmt" count="0"/>
        <line num="489" type="stmt" count="0"/>
        <line num="491" type="stmt" count="0"/>
        <line num="502" type="method" name="hydrateRaw" crap="6" count="0"/>
        <line num="504" type="stmt" count="0"/>
        <line num="506" type="stmt" count="0"/>
        <line num="507" type="stmt" count="0"/>
        <line num="508" type="stmt" count="0"/>
        <line num="509" type="stmt" count="0"/>
        <line num="511" type="stmt" count="0"/>
        <line num="513" type="stmt" count="0"/>
        <line num="522" type="method" name="create" crap="2" count="0"/>
        <line num="524" type="stmt" count="0"/>
        <line num="526" type="stmt" count="0"/>
        <line num="528" type="stmt" count="0"/>
        <line num="537" type="method" name="firstOrCreate" crap="6" count="0"/>
        <line num="539" type="stmt" count="0"/>
        <line num="540" type="stmt" count="0"/>
        <line num="541" type="stmt" count="0"/>
        <line num="544" type="stmt" count="0"/>
        <line num="553" type="method" name="firstOrNew" crap="6" count="0"/>
        <line num="555" type="stmt" count="0"/>
        <line num="556" type="stmt" count="0"/>
        <line num="557" type="stmt" count="0"/>
        <line num="560" type="stmt" count="0"/>
        <line num="570" type="method" name="updateOrCreate" crap="2" count="0"/>
        <line num="572" type="stmt" count="0"/>
        <line num="574" type="stmt" count="0"/>
        <line num="576" type="stmt" count="0"/>
        <line num="585" type="method" name="firstByAttributes" crap="2" count="0"/>
        <line num="587" type="stmt" count="0"/>
        <line num="595" type="method" name="query" crap="2" count="0"/>
        <line num="597" type="stmt" count="0"/>
        <line num="606" type="method" name="on" crap="2" count="0"/>
        <line num="611" type="stmt" count="0"/>
        <line num="613" type="stmt" count="0"/>
        <line num="615" type="stmt" count="0"/>
        <line num="624" type="method" name="all" crap="2" count="0"/>
        <line num="626" type="stmt" count="0"/>
        <line num="628" type="stmt" count="0"/>
        <line num="638" type="method" name="find" crap="12" count="0"/>
        <line num="640" type="stmt" count="0"/>
        <line num="642" type="stmt" count="0"/>
        <line num="644" type="stmt" count="0"/>
        <line num="654" type="method" name="findOrNew" crap="6" count="0"/>
        <line num="656" type="stmt" count="0"/>
        <line num="658" type="stmt" count="0"/>
        <line num="670" type="method" name="findOrFail" crap="6" count="0"/>
        <line num="672" type="stmt" count="0"/>
        <line num="674" type="stmt" count="0"/>
        <line num="683" type="method" name="load" crap="6" count="0"/>
        <line num="685" type="stmt" count="0"/>
        <line num="687" type="stmt" count="0"/>
        <line num="689" type="stmt" count="0"/>
        <line num="691" type="stmt" count="0"/>
        <line num="700" type="method" name="with" crap="6" count="0"/>
        <line num="702" type="stmt" count="0"/>
        <line num="704" type="stmt" count="0"/>
        <line num="706" type="stmt" count="0"/>
        <line num="717" type="method" name="hasOne" crap="12" count="0"/>
        <line num="719" type="stmt" count="0"/>
[...]
        <line num="1524" type="stmt" count="0"/>
        <line num="1525" type="stmt" count="0"/>
        <line num="1526" type="stmt" count="0"/>
        <line num="1527" type="stmt" count="0"/>
        <line num="1528" type="stmt" count="0"/>
        <line num="1529" type="stmt" count="0"/>
        <line num="1533" type="stmt" count="0"/>
        <line num="1534" type="stmt" count="0"/>
        <line num="1535" type="stmt" count="0"/>
        <line num="1536" type="stmt" count="0"/>
        <line num="1537" type="stmt" count="0"/>
        <line num="1538" type="stmt" count="0"/>
        <line num="1539" type="stmt" count="0"/>
        <line num="1540" type="stmt" count="0"/>
        <line num="1541" type="stmt" count="0"/>
        <line num="1543" type="stmt" count="0"/>
        <line num="1545" type="stmt" count="0"/>
        <line num="1547" type="stmt" count="0"/>
        <line num="1548" type="stmt" count="0"/>
        <line num="1550" type="stmt" count="0"/>
        <line num="1560" type="method" name="getCharsets" crap="6" count="0"/>
        <line num="1562" type="stmt" count="0"/>
        <line num="1563" type="stmt" count="0"/>
        <line num="1566" type="stmt" count="0"/>
        <line num="1574" type="method" name="getEncodings" crap="6" count="0"/>
        <line num="1576" type="stmt" count="0"/>
        <line num="1577" type="stmt" count="0"/>
        <line num="1580" type="stmt" count="0"/>
        <line num="1590" type="method" name="getAcceptableContentTypes" crap="6" count="0"/>
        <line num="1592" type="stmt" count="0"/>
        <line num="1593" type="stmt" count="0"/>
        <line num="1596" type="stmt" count="0"/>
        <line num="1610" type="method" name="isXmlHttpRequest" crap="2" count="0"/>
        <line num="1612" type="stmt" count="0"/>
        <line num="1623" type="method" name="prepareRequestUri" crap="90" count="0"/>
        <line num="1625" type="stmt" count="0"/>
        <line num="1627" type="stmt" count="0"/>
        <line num="1629" type="stmt" count="0"/>
        <line num="1630" type="stmt" count="0"/>
        <line num="1631" type="stmt" count="0"/>
        <line num="1632" type="stmt" count="0"/>
        <line num="1633" type="stmt" count="0"/>
        <line num="1634" type="stmt" count="0"/>
        <line num="1636" type="stmt" count="0"/>
        <line num="1637" type="stmt" count="0"/>
        <line num="1638" type="stmt" count="0"/>
        <line num="1640" type="stmt" count="0"/>
        <line num="1641" type="stmt" count="0"/>
        <line num="1642" type="stmt" count="0"/>
        <line num="1643" type="stmt" count="0"/>
        <line num="1644" type="stmt" count="0"/>
        <line num="1646" type="stmt" count="0"/>
        <line num="1647" type="stmt" count="0"/>
        <line num="1648" type="stmt" count="0"/>
        <line num="1649" type="stmt" count="0"/>
        <line num="1650" type="stmt" count="0"/>
        <line num="1652" type="stmt" count="0"/>
        <line num="1653" type="stmt" count="0"/>
        <line num="1654" type="stmt" count="0"/>
        <line num="1655" type="stmt" count="0"/>
        <line num="1656" type="stmt" count="0"/>
        <line num="1657" type="stmt" count="0"/>
        <line num="1660" type="stmt" count="0"/>
        <line num="1662" type="stmt" count="0"/>
        <line num="1670" type="method" name="prepareBaseUrl" crap="306" count="0"/>
        <line num="1672" type="stmt" count="0"/>
        <line num="1674" type="stmt" count="0"/>
        <line num="1675" type="stmt" count="0"/>
        <line num="1676" type="stmt" count="0"/>
        <line num="1677" type="stmt" count="0"/>
        <line num="1678" type="stmt" count="0"/>
        <line num="1679" type="stmt" count="0"/>
        <line num="1680" type="stmt" count="0"/>
        <line num="1683" type="stmt" count="0"/>
        <line num="1684" type="stmt" count="0"/>
        <line num="1685" type="stmt" count="0"/>
        <line num="1686" type="stmt" count="0"/>
        <line num="1687" type="stmt" count="0"/>
        <line num="1688" type="stmt" count="0"/>
        <line num="1689" type="stmt" count="0"/>
        <line num="1691" type="stmt" count="0"/>
        <line num="1692" type="stmt" count="0"/>
        <line num="1693" type="stmt" count="0"/>
        <line num="1694" type="stmt" count="0"/>
        <line num="1698" type="stmt" count="0"/>
        <line num="1700" type="stmt" count="0"/>
        <line num="1702" type="stmt" count="0"/>
        <line num="1705" type="stmt" count="0"/>
        <line num="1707" type="stmt" count="0"/>
        <line num="1710" type="stmt" count="0"/>
        <line num="1711" type="stmt" count="0"/>
        <line num="1712" type="stmt" count="0"/>
        <line num="1713" type="stmt" count="0"/>
        <line num="1715" type="stmt" count="0"/>
        <line num="1716" type="stmt" count="0"/>
        <line num="1718" type="stmt" count="0"/>
        <line num="1724" type="stmt" count="0"/>
        <line num="1725" type="stmt" count="0"/>
        <line num="1726" type="stmt" count="0"/>
        <line num="1728" type="stmt" count="0"/>
        <line num="1736" type="method" name="prepareBasePath" crap="20" count="0"/>
        <line num="1738" type="stmt" count="0"/>
        <line num="1739" type="stmt" count="0"/>
        <line num="1740" type="stmt" count="0"/>
        <line num="1741" type="stmt" count="0"/>
        <line num="1744" type="stmt" count="0"/>
        <line num="1745" type="stmt" count="0"/>
        <line num="1746" type="stmt" count="0"/>
        <line num="1747" type="stmt" count="0"/>
        <line num="1750" type="stmt" count="0"/>
        <line num="1751" type="stmt" count="0"/>
        <line num="1752" type="stmt" count="0"/>
        <line num="1754" type="stmt" count="0"/>
        <line num="1762" type="method" name="preparePathInfo" crap="42" count="0"/>
        <line num="1764" type="stmt" count="0"/>
        <line num="1766" type="stmt" count="0"/>
        <line num="1767" type="stmt" count="0"/>
        <line num="1770" type="stmt" count="0"/>
        <line num="1773" type="stmt" count="0"/>
        <line num="1774" type="stmt" count="0"/>
        <line num="1775" type="stmt" count="0"/>
        <line num="1777" type="stmt" count="0"/>
        <line num="1779" type="stmt" count="0"/>
        <line num="1780" type="stmt" count="0"/>
        <line num="1781" type="stmt" count="0"/>
        <line num="1784" type="stmt" count="0"/>
        <line num="1790" type="method" name="initializeFormats" crap="2" count="0"/>
        <line num="1792" type="stmt" count="0"/>
        <line num="1793" type="stmt" count="0"/>
        <line num="1794" type="stmt" count="0"/>
        <line num="1795" type="stmt" count="0"/>
        <line num="1796" type="stmt" count="0"/>
        <line num="1797" type="stmt" count="0"/>
        <line num="1798" type="stmt" count="0"/>
        <line num="1799" type="stmt" count="0"/>
        <line num="1800" type="stmt" count="0"/>
        <line num="1801" type="stmt" count="0"/>
        <line num="1802" type="stmt" count="0"/>
        <line num="1803" type="stmt" count="0"/>
        <line num="1810" type="method" name="setPhpDefaultLocale" crap="12" count="0"/>
        <line num="1816" type="stmt" count="0"/>
        <line num="1817" type="stmt" count="0"/>
        <line num="1818" type="stmt" count="0"/>
        <line num="1819" type="stmt" count="0"/>
        <line num="1821" type="stmt" count="0"/>
        <line num="1832" type="method" name="getUrlencodedPrefix" crap="12" count="0"/>
        <line num="1834" type="stmt" count="0"/>
        <line num="1835" type="stmt" count="0"/>
        <line num="1838" type="stmt" count="0"/>
        <line num="1840" type="stmt" count="0"/>
        <line num="1841" type="stmt" count="0"/>
        <line num="1844" type="stmt" count="0"/>
        <line num="1847" type="method" name="createRequestFromFactory" crap="5.67" count="1"/>
        <line num="1849" type="stmt" count="1"/>
        <line num="1850" type="stmt" count="0"/>
        <line num="1852" type="stmt" count="0"/>
        <line num="1853" type="stmt" count="0"/>
        <line num="1856" type="stmt" count="0"/>
        <line num="1859" type="stmt" count="1"/>
        <metrics loc="1861" ncloc="998" classes="1" methods="73" coveredmethods="3" conditionals="0" coveredconditionals="0" statements="534" coveredstatements="78" elements="607" coveredelements="81"/>
      </file>
      <file name="/home/gufron/public_html/admin-package/workbench/gufy/google-charts/vendor/symfony/http-foundation/Symfony/Component/HttpFoundation/ServerBag.php">
        <class name="ServerBag" namespace="Symfony\Component\HttpFoundation">
          <metrics methods="1" coveredmethods="0" conditionals="0" coveredconditionals="0" statements="37" coveredstatements="16" elements="38" coveredelements="16"/>
        </class>
        <line num="28" type="method" name="getHeaders" crap="56.14" count="1"/>
        <line num="30" type="stmt" count="1"/>
        <line num="31" type="stmt" count="1"/>
        <line num="32" type="stmt" count="1"/>
        <line num="33" type="stmt" count="1"/>
        <line num="34" type="stmt" count="1"/>
        <line num="35" type="stmt" count="1"/>
        <line num="37" type="stmt" count="1"/>
        <line num="38" type="stmt" count="0"/>
        <line num="39" type="stmt" count="0"/>
        <line num="40" type="stmt" count="1"/>
        <line num="42" type="stmt" count="1"/>
        <line num="43" type="stmt" count="0"/>
        <line num="44" type="stmt" count="0"/>
        <line num="45" type="stmt" count="0"/>
        <line num="60" type="stmt" count="1"/>
        <line num="61" type="stmt" count="1"/>
        <line num="62" type="stmt" count="0"/>
        <line num="63" type="stmt" count="1"/>
        <line num="64" type="stmt" count="0"/>
        <line num="65" type="stmt" count="0"/>
        <line num="67" type="stmt" count="1"/>
        <line num="68" type="stmt" count="0"/>
        <line num="70" type="stmt" count="0"/>
        <line num="71" type="stmt" count="0"/>
        <line num="72" type="stmt" count="0"/>
        <line num="73" type="stmt" count="0"/>
        <line num="74" type="stmt" count="0"/>
        <line num="76" type="stmt" count="0"/>
        <line num="77" type="stmt" count="0"/>
        <line num="78" type="stmt" count="0"/>
        <line num="79" type="stmt" count="0"/>
        <line num="83" type="stmt" count="1"/>
        <line num="84" type="stmt" count="0"/>
        <line num="85" type="stmt" count="1"/>
        <line num="86" type="stmt" count="0"/>
        <line num="87" type="stmt" count="0"/>
        <line num="89" type="stmt" count="1"/>
        <metrics loc="91" ncloc="50" classes="1" methods="1" coveredmethods="0" conditionals="0" coveredconditionals="0" statements="37" coveredstatements="16" elements="38" coveredelements="16"/>
      </file>
    </package>
    <package name="Symfony\Component\HttpFoundation\Session\Storage\Handler">
      <file name="/home/gufron/public_html/admin-package/workbench/gufy/google-charts/vendor/symfony/http-foundation/Symfony/Component/HttpFoundation/Session/Storage/Handler/NullSessionHandler.php">
        <class name="NullSessionHandler" namespace="Symfony\Component\HttpFoundation\Session\Storage\Handler">
          <metrics methods="6" coveredmethods="0" conditionals="0" coveredconditionals="0" statements="6" coveredstatements="0" elements="12" coveredelements="0"/>
        </class>
        <line num="28" type="method" name="open" crap="2" count="0"/>
        <line num="30" type="stmt" count="0"/>
        <line num="36" type="method" name="close" crap="2" count="0"/>
        <line num="38" type="stmt" count="0"/>
        <line num="44" type="method" name="read" crap="2" count="0"/>
        <line num="46" type="stmt" count="0"/>
        <line num="52" type="method" name="write" crap="2" count="0"/>
        <line num="54" type="stmt" count="0"/>
        <line num="60" type="method" name="destroy" crap="2" count="0"/>
        <line num="62" type="stmt" count="0"/>
        <line num="68" type="method" name="gc" crap="2" count="0"/>
        <line num="70" type="stmt" count="0"/>
        <metrics loc="72" ncloc="37" classes="1" methods="6" coveredmethods="0" conditionals="0" coveredconditionals="0" statements="6" coveredstatements="0" elements="12" coveredelements="0"/>
      </file>
    </package>
    <package name="Symfony\Component\HttpFoundation\Session\Storage">
      <file name="/home/gufron/public_html/admin-package/workbench/gufy/google-charts/vendor/symfony/http-foundation/Symfony/Component/HttpFoundation/Session/Storage/MetadataBag.php">
        <class name="MetadataBag" namespace="Symfony\Component\HttpFoundation\Session\Storage">
          <metrics methods="11" coveredmethods="1" conditionals="0" coveredconditionals="0" statements="27" coveredstatements="3" elements="38" coveredelements="4"/>
        </class>
        <line num="62" type="method" name="__construct" crap="1" count="1"/>
        <line num="64" type="stmt" count="1"/>
        <line num="65" type="stmt" count="1"/>
        <line num="66" type="stmt" count="1"/>
        <line num="71" type="method" name="initialize" crap="12" count="0"/>
        <line num="73" type="stmt" count="0"/>
        <line num="75" type="stmt" count="0"/>
        <line num="76" type="stmt" count="0"/>
        <line num="78" type="stmt" count="0"/>
        <line num="79" type="stmt" count="0"/>
        <line num="80" type="stmt" count="0"/>
        <line num="81" type="stmt" count="0"/>
        <line num="82" type="stmt" count="0"/>
        <line num="83" type="stmt" count="0"/>
        <line num="85" type="stmt" count="0"/>
        <line num="92" type="method" name="getLifetime" crap="2" count="0"/>
        <line num="94" type="stmt" count="0"/>
        <line num="105" type="method" name="stampNew" crap="2" count="0"/>
        <line num="107" type="stmt" count="0"/>
        <line num="108" type="stmt" count="0"/>
        <line num="113" type="method" name="getStorageKey" crap="2" count="0"/>
        <line num="115" type="stmt" count="0"/>
        <line num="123" type="method" name="getCreated" crap="2" count="0"/>
        <line num="125" type="stmt" count="0"/>
        <line num="133" type="method" name="getLastUsed" crap="2" count="0"/>
        <line num="135" type="stmt" count="0"/>
        <line num="141" type="method" name="clear" crap="2" count="0"/>
        <line num="144" type="stmt" count="0"/>
        <line num="149" type="method" name="getName" crap="2" count="0"/>
        <line num="151" type="stmt" count="0"/>
        <line num="159" type="method" name="setName" crap="2" count="0"/>
        <line num="161" type="stmt" count="0"/>
        <line num="162" type="stmt" count="0"/>
        <line num="164" type="method" name="stampCreated" crap="6" count="0"/>
        <line num="166" type="stmt" count="0"/>
        <line num="167" type="stmt" count="0"/>
        <line num="168" type="stmt" count="0"/>
        <line num="169" type="stmt" count="0"/>
        <metrics loc="170" ncloc="90" classes="1" methods="11" coveredmethods="1" conditionals="0" coveredconditionals="0" statements="27" coveredstatements="3" elements="38" coveredelements="4"/>
      </file>
    </package>
    <package name="Symfony\Component\HttpKernel">
      <file name="/home/gufron/public_html/admin-package/workbench/gufy/google-charts/vendor/symfony/http-kernel/Symfony/Component/HttpKernel/Client.php">
        <class name="Client" namespace="Symfony\Component\HttpKernel">
          <metrics methods="9" coveredmethods="1" conditionals="0" coveredconditionals="0" statements="63" coveredstatements="4" elements="72" coveredelements="5"/>
        </class>
        <line num="43" type="method" name="__construct" crap="1" count="1"/>
        <line num="46" type="stmt" count="1"/>
        <line num="47" type="stmt" count="1"/>
        <line num="49" type="stmt" count="1"/>
        <line num="50" type="stmt" count="1"/>
        <line num="57" type="method" name="getRequest" crap="2" count="0"/>
        <line num="59" type="stmt" count="0"/>
        <line num="67" type="method" name="getResponse" crap="2" count="0"/>
        <line num="69" type="stmt" count="0"/>
        <line num="79" type="method" name="doRequest" crap="6" count="0"/>
        <line num="81" type="stmt" count="0"/>
        <line num="83" type="stmt" count="0"/>
        <line num="84" type="stmt" count="0"/>
        <line num="85" type="stmt" count="0"/>
        <line num="87" type="stmt" count="0"/>
        <line num="97" type="method" name="getScript" crap="2" count="0"/>
        <line num="99" type="stmt" count="0"/>
        <line num="100" type="stmt" count="0"/>
        <line num="102" type="stmt" count="0"/>
        <line num="103" type="stmt" count="0"/>
        <line num="104" type="stmt" count="0"/>
        <line num="112" type="stmt" count="0"/>
        <line num="115" type="stmt" count="0"/>
        <line num="116" type="stmt" count="0"/>
        <line num="117" type="stmt" count="0"/>
        <line num="119" type="stmt" count="0"/>
        <line num="122" type="method" name="getHandleScript" crap="2" count="0"/>
        <line num="132" type="stmt" count="0"/>
        <line num="142" type="method" name="filterRequest" crap="6" count="0"/>
        <line num="144" type="stmt" count="0"/>
        <line num="146" type="stmt" count="0"/>
        <line num="147" type="stmt" count="0"/>
        <line num="148" type="stmt" count="0"/>
        <line num="150" type="stmt" count="0"/>
        <line num="168" type="method" name="filterFiles" crap="42" count="0"/>
        <line num="170" type="stmt" count="0"/>
        <line num="171" type="stmt" count="0"/>
        <line num="172" type="stmt" count="0"/>
        <line num="173" type="stmt" count="0"/>
        <line num="174" type="stmt" count="0"/>
        <line num="175" type="stmt" count="0"/>
        <line num="176" type="stmt" count="0"/>
        <line num="177" type="stmt" count="0"/>
        <line num="178" type="stmt" count="0"/>
        <line num="179" type="stmt" count="0"/>
        <line num="180" type="stmt" count="0"/>
        <line num="181" type="stmt" count="0"/>
        <line num="183" type="stmt" count="0"/>
        <line num="184" type="stmt" count="0"/>
        <line num="185" type="stmt" count="0"/>
        <line num="186" type="stmt" count="0"/>
        <line num="187" type="stmt" count="0"/>
        <line num="188" type="stmt" count="0"/>
        <line num="189" type="stmt" count="0"/>
        <line num="190" type="stmt" count="0"/>
        <line num="192" type="stmt" count="0"/>
        <line num="194" type="stmt" count="0"/>
        <line num="195" type="stmt" count="0"/>
        <line num="197" type="stmt" count="0"/>
        <line num="207" type="method" name="filterResponse" crap="12" count="0"/>
        <line num="209" type="stmt" count="0"/>
        <line num="210" type="stmt" count="0"/>
        <line num="211" type="stmt" count="0"/>
        <line num="212" type="stmt" count="0"/>
        <line num="213" type="stmt" count="0"/>
        <line num="214" type="stmt" count="0"/>
        <line num="215" type="stmt" count="0"/>
        <line num="216" type="stmt" count="0"/>
        <line num="219" type="stmt" count="0"/>
        <line num="220" type="stmt" count="0"/>
        <line num="221" type="stmt" count="0"/>
        <line num="223" type="stmt" count="0"/>
        <metrics loc="225" ncloc="145" classes="1" methods="9" coveredmethods="1" conditionals="0" coveredconditionals="0" statements="63" coveredstatements="4" elements="72" coveredelements="5"/>
      </file>
    </package>
    <metrics files="106" loc="24897" ncloc="13385" classes="100" methods="1264" coveredmethods="209" conditionals="0" coveredconditionals="0" statements="5409" coveredstatements="1399" elements="6673" coveredelements="1608"/>
  </project>
</coverage>
